[2024-07-07 22:42:04] open
[2024-07-07 22:42:04] {"id":"btcusdt","status":"ok","subbed":"market.btcusdt.depth.step0","ts":1720363324360}
[2024-07-07 22:42:04] {"id":"btcusdt","status":"ok","subbed":"market.btcusdt.kline.1min","ts":1720363324372}
[2024-07-07 22:42:04] {"id":"btcusdt","status":"ok","subbed":"market.btcusdt.kline.5min","ts":1720363324372}
[2024-07-07 22:42:04] {"id":"btcusdt","status":"ok","subbed":"market.btcusdt.kline.15min","ts":1720363324372}
[2024-07-07 22:42:04] {"id":"btcusdt","status":"ok","subbed":"market.btcusdt.kline.30min","ts":1720363324372}
[2024-07-07 22:42:04] {"id":"btcusdt","status":"ok","subbed":"market.btcusdt.kline.60min","ts":1720363324372}
[2024-07-07 22:42:04] {"id":"btcusdt","status":"ok","subbed":"market.btcusdt.kline.4hour","ts":1720363324372}
[2024-07-07 22:42:04] {"id":"btcusdt","status":"ok","subbed":"market.btcusdt.kline.1day","ts":1720363324372}
[2024-07-07 22:42:04] {"id":"btcusdt","status":"ok","subbed":"market.btcusdt.kline.1week","ts":1720363324372}
[2024-07-07 22:42:04] {"id":"btcusdt","status":"ok","subbed":"market.btcusdt.trade.detail","ts":1720363324372}
[2024-07-07 22:42:04] {"id":"btcusdt","status":"ok","subbed":"market.btcusdt.detail","ts":1720363324372}
[2024-07-07 22:42:04] {"id":"ethusdt","status":"ok","subbed":"market.ethusdt.depth.step0","ts":1720363324372}
[2024-07-07 22:42:04] {"id":"ethusdt","status":"ok","subbed":"market.ethusdt.kline.1min","ts":1720363324372}
[2024-07-07 22:42:04] {"id":"ethusdt","status":"ok","subbed":"market.ethusdt.kline.5min","ts":1720363324372}
[2024-07-07 22:42:04] {"id":"ethusdt","status":"ok","subbed":"market.ethusdt.kline.15min","ts":1720363324372}
[2024-07-07 22:42:04] {"id":"ethusdt","status":"ok","subbed":"market.ethusdt.kline.30min","ts":1720363324372}
[2024-07-07 22:42:04] {"id":"ethusdt","status":"ok","subbed":"market.ethusdt.kline.60min","ts":1720363324372}
[2024-07-07 22:42:04] {"id":"ethusdt","status":"ok","subbed":"market.ethusdt.kline.4hour","ts":1720363324372}
[2024-07-07 22:42:04] {"id":"ethusdt","status":"ok","subbed":"market.ethusdt.kline.1day","ts":1720363324372}
[2024-07-07 22:42:04] {"id":"ethusdt","status":"ok","subbed":"market.ethusdt.kline.1week","ts":1720363324372}
[2024-07-07 22:42:04] {"id":"ethusdt","status":"ok","subbed":"market.ethusdt.trade.detail","ts":1720363324372}
[2024-07-07 22:42:04] {"id":"ethusdt","status":"ok","subbed":"market.ethusdt.detail","ts":1720363324372}
[2024-07-07 22:42:04] {"id":"eosusdt","status":"ok","subbed":"market.eosusdt.depth.step0","ts":1720363324372}
[2024-07-07 22:42:04] {"id":"eosusdt","status":"ok","subbed":"market.eosusdt.kline.1min","ts":1720363324372}
[2024-07-07 22:42:04] {"id":"eosusdt","status":"ok","subbed":"market.eosusdt.kline.5min","ts":1720363324372}
[2024-07-07 22:42:04] {"id":"eosusdt","status":"ok","subbed":"market.eosusdt.kline.15min","ts":1720363324372}
[2024-07-07 22:42:04] {"id":"eosusdt","status":"ok","subbed":"market.eosusdt.kline.30min","ts":1720363324372}
[2024-07-07 22:42:04] {"id":"eosusdt","status":"ok","subbed":"market.eosusdt.kline.60min","ts":1720363324372}
[2024-07-07 22:42:04] {"id":"eosusdt","status":"ok","subbed":"market.eosusdt.kline.4hour","ts":1720363324372}
[2024-07-07 22:42:04] {"id":"eosusdt","status":"ok","subbed":"market.eosusdt.kline.1day","ts":1720363324372}
[2024-07-07 22:42:04] {"id":"eosusdt","status":"ok","subbed":"market.eosusdt.kline.1week","ts":1720363324372}
[2024-07-07 22:42:04] {"id":"eosusdt","status":"ok","subbed":"market.eosusdt.trade.detail","ts":1720363324372}
[2024-07-07 22:42:04] {"id":"eosusdt","status":"ok","subbed":"market.eosusdt.detail","ts":1720363324372}
[2024-07-07 22:42:04] {"id":"ltcusdt","status":"ok","subbed":"market.ltcusdt.depth.step0","ts":1720363324372}
[2024-07-07 22:42:04] {"id":"ltcusdt","status":"ok","subbed":"market.ltcusdt.kline.1min","ts":1720363324372}
[2024-07-07 22:42:04] {"id":"ltcusdt","status":"ok","subbed":"market.ltcusdt.kline.5min","ts":1720363324372}
[2024-07-07 22:42:04] {"id":"ltcusdt","status":"ok","subbed":"market.ltcusdt.kline.15min","ts":1720363324372}
[2024-07-07 22:42:04] {"id":"ltcusdt","status":"ok","subbed":"market.ltcusdt.kline.30min","ts":1720363324373}
[2024-07-07 22:42:04] {"id":"ltcusdt","status":"ok","subbed":"market.ltcusdt.kline.60min","ts":1720363324373}
[2024-07-07 22:42:04] {"id":"ltcusdt","status":"ok","subbed":"market.ltcusdt.kline.4hour","ts":1720363324373}
[2024-07-07 22:42:04] {"id":"ltcusdt","status":"ok","subbed":"market.ltcusdt.kline.1day","ts":1720363324373}
[2024-07-07 22:42:04] {"id":"ltcusdt","status":"ok","subbed":"market.ltcusdt.kline.1week","ts":1720363324373}
[2024-07-07 22:42:04] {"id":"ltcusdt","status":"ok","subbed":"market.ltcusdt.trade.detail","ts":1720363324373}
[2024-07-07 22:42:04] {"id":"ltcusdt","status":"ok","subbed":"market.ltcusdt.detail","ts":1720363324373}
[2024-07-07 22:42:04] {"id":"xrpusdt","status":"ok","subbed":"market.xrpusdt.depth.step0","ts":1720363324373}
[2024-07-07 22:42:04] {"id":"xrpusdt","status":"ok","subbed":"market.xrpusdt.kline.1min","ts":1720363324373}
[2024-07-07 22:42:04] {"id":"xrpusdt","status":"ok","subbed":"market.xrpusdt.kline.5min","ts":1720363324373}
[2024-07-07 22:42:04] {"id":"xrpusdt","status":"ok","subbed":"market.xrpusdt.kline.15min","ts":1720363324373}
[2024-07-07 22:42:04] {"id":"xrpusdt","status":"ok","subbed":"market.xrpusdt.kline.30min","ts":1720363324373}
[2024-07-07 22:42:04] {"id":"xrpusdt","status":"ok","subbed":"market.xrpusdt.kline.60min","ts":1720363324373}
[2024-07-07 22:42:04] {"id":"xrpusdt","status":"ok","subbed":"market.xrpusdt.kline.4hour","ts":1720363324373}
[2024-07-07 22:42:04] {"id":"xrpusdt","status":"ok","subbed":"market.xrpusdt.kline.1day","ts":1720363324373}
[2024-07-07 22:42:04] {"id":"xrpusdt","status":"ok","subbed":"market.xrpusdt.kline.1week","ts":1720363324373}
[2024-07-07 22:42:04] {"id":"xrpusdt","status":"ok","subbed":"market.xrpusdt.trade.detail","ts":1720363324373}
[2024-07-07 22:42:04] {"id":"xrpusdt","status":"ok","subbed":"market.xrpusdt.detail","ts":1720363324373}
[2024-07-07 22:42:04] {"id":"linkusdt","status":"ok","subbed":"market.linkusdt.depth.step0","ts":1720363324373}
[2024-07-07 22:42:04] {"id":"linkusdt","status":"ok","subbed":"market.linkusdt.kline.1min","ts":1720363324373}
[2024-07-07 22:42:04] {"id":"linkusdt","status":"ok","subbed":"market.linkusdt.kline.5min","ts":1720363324373}
[2024-07-07 22:42:04] {"id":"linkusdt","status":"ok","subbed":"market.linkusdt.kline.15min","ts":1720363324373}
[2024-07-07 22:42:04] {"id":"linkusdt","status":"ok","subbed":"market.linkusdt.kline.30min","ts":1720363324373}
[2024-07-07 22:42:04] {"id":"linkusdt","status":"ok","subbed":"market.linkusdt.kline.60min","ts":1720363324373}
[2024-07-07 22:42:04] {"id":"linkusdt","status":"ok","subbed":"market.linkusdt.kline.4hour","ts":1720363324373}
[2024-07-07 22:42:04] {"id":"linkusdt","status":"ok","subbed":"market.linkusdt.kline.1day","ts":1720363324373}
[2024-07-07 22:42:04] {"id":"linkusdt","status":"ok","subbed":"market.linkusdt.kline.1week","ts":1720363324373}
[2024-07-07 22:42:04] {"id":"linkusdt","status":"ok","subbed":"market.linkusdt.trade.detail","ts":1720363324373}
[2024-07-07 22:42:04] {"id":"linkusdt","status":"ok","subbed":"market.linkusdt.detail","ts":1720363324373}
[2024-07-07 22:42:04] {"id":"bchusdt","status":"ok","subbed":"market.bchusdt.depth.step0","ts":1720363324373}
[2024-07-07 22:42:04] {"id":"bchusdt","status":"ok","subbed":"market.bchusdt.kline.1min","ts":1720363324373}
[2024-07-07 22:42:04] {"id":"bchusdt","status":"ok","subbed":"market.bchusdt.kline.5min","ts":1720363324373}
[2024-07-07 22:42:04] {"id":"bchusdt","status":"ok","subbed":"market.bchusdt.kline.15min","ts":1720363324373}
[2024-07-07 22:42:04] {"id":"bchusdt","status":"ok","subbed":"market.bchusdt.kline.30min","ts":1720363324373}
[2024-07-07 22:42:04] {"id":"bchusdt","status":"ok","subbed":"market.bchusdt.kline.60min","ts":1720363324373}
[2024-07-07 22:42:04] {"id":"bchusdt","status":"ok","subbed":"market.bchusdt.kline.4hour","ts":1720363324373}
[2024-07-07 22:42:04] {"id":"bchusdt","status":"ok","subbed":"market.bchusdt.kline.1day","ts":1720363324373}
[2024-07-07 22:42:04] {"id":"bchusdt","status":"ok","subbed":"market.bchusdt.kline.1week","ts":1720363324373}
[2024-07-07 22:42:04] {"id":"bchusdt","status":"ok","subbed":"market.bchusdt.trade.detail","ts":1720363324374}
[2024-07-07 22:42:04] {"id":"bchusdt","status":"ok","subbed":"market.bchusdt.detail","ts":1720363324374}
[2024-07-07 22:42:04] {"id":"dogeusdt","status":"ok","subbed":"market.dogeusdt.depth.step0","ts":1720363324374}
[2024-07-07 22:42:04] {"id":"dogeusdt","status":"ok","subbed":"market.dogeusdt.kline.1min","ts":1720363324374}
[2024-07-07 22:42:04] {"id":"dogeusdt","status":"ok","subbed":"market.dogeusdt.kline.5min","ts":1720363324374}
[2024-07-07 22:42:04] {"id":"dogeusdt","status":"ok","subbed":"market.dogeusdt.kline.15min","ts":1720363324374}
[2024-07-07 22:42:04] {"id":"dogeusdt","status":"ok","subbed":"market.dogeusdt.kline.30min","ts":1720363324374}
[2024-07-07 22:42:04] {"id":"dogeusdt","status":"ok","subbed":"market.dogeusdt.kline.60min","ts":1720363324374}
[2024-07-07 22:42:04] {"id":"dogeusdt","status":"ok","subbed":"market.dogeusdt.kline.4hour","ts":1720363324374}
[2024-07-07 22:42:04] {"id":"dogeusdt","status":"ok","subbed":"market.dogeusdt.kline.1day","ts":1720363324374}
[2024-07-07 22:42:04] {"id":"dogeusdt","status":"ok","subbed":"market.dogeusdt.kline.1week","ts":1720363324374}
[2024-07-07 22:42:04] {"id":"dogeusdt","status":"ok","subbed":"market.dogeusdt.trade.detail","ts":1720363324374}
[2024-07-07 22:42:04] {"id":"dogeusdt","status":"ok","subbed":"market.dogeusdt.detail","ts":1720363324374}
[2024-07-07 22:42:04] {"id":"dotusdt","status":"ok","subbed":"market.dotusdt.depth.step0","ts":1720363324374}
[2024-07-07 22:42:04] {"id":"dotusdt","status":"ok","subbed":"market.dotusdt.kline.1min","ts":1720363324374}
[2024-07-07 22:42:04] {"id":"dotusdt","status":"ok","subbed":"market.dotusdt.kline.5min","ts":1720363324374}
[2024-07-07 22:42:04] {"id":"dotusdt","status":"ok","subbed":"market.dotusdt.kline.15min","ts":1720363324374}
[2024-07-07 22:42:04] {"id":"dotusdt","status":"ok","subbed":"market.dotusdt.kline.30min","ts":1720363324374}
[2024-07-07 22:42:04] {"id":"dotusdt","status":"ok","subbed":"market.dotusdt.kline.60min","ts":1720363324374}
[2024-07-07 22:42:04] {"id":"dotusdt","status":"ok","subbed":"market.dotusdt.kline.4hour","ts":1720363324374}
[2024-07-07 22:42:04] {"id":"dotusdt","status":"ok","subbed":"market.dotusdt.kline.1day","ts":1720363324374}
[2024-07-07 22:42:04] {"id":"dotusdt","status":"ok","subbed":"market.dotusdt.kline.1week","ts":1720363324374}
[2024-07-07 22:42:04] {"id":"dotusdt","status":"ok","subbed":"market.dotusdt.trade.detail","ts":1720363324374}
[2024-07-07 22:42:04] {"id":"dotusdt","status":"ok","subbed":"market.dotusdt.detail","ts":1720363324374}
[2024-07-07 22:42:04] {"id":"neousdt","status":"ok","subbed":"market.neousdt.depth.step0","ts":1720363324374}
[2024-07-07 22:42:04] {"id":"neousdt","status":"ok","subbed":"market.neousdt.kline.1min","ts":1720363324374}
[2024-07-07 22:42:04] {"id":"neousdt","status":"ok","subbed":"market.neousdt.kline.5min","ts":1720363324374}
[2024-07-07 22:42:04] {"id":"neousdt","status":"ok","subbed":"market.neousdt.kline.15min","ts":1720363324374}
[2024-07-07 22:42:04] {"id":"neousdt","status":"ok","subbed":"market.neousdt.kline.30min","ts":1720363324374}
[2024-07-07 22:42:04] {"id":"neousdt","status":"ok","subbed":"market.neousdt.kline.60min","ts":1720363324374}
[2024-07-07 22:42:04] {"id":"neousdt","status":"ok","subbed":"market.neousdt.kline.4hour","ts":1720363324374}
[2024-07-07 22:42:04] {"id":"neousdt","status":"ok","subbed":"market.neousdt.kline.1day","ts":1720363324374}
[2024-07-07 22:42:04] {"id":"neousdt","status":"ok","subbed":"market.neousdt.kline.1week","ts":1720363324374}
[2024-07-07 22:42:04] {"id":"neousdt","status":"ok","subbed":"market.neousdt.trade.detail","ts":1720363324374}
[2024-07-07 22:42:04] {"id":"neousdt","status":"ok","subbed":"market.neousdt.detail","ts":1720363324374}
[2024-07-07 22:42:04] {"id":"apeusdt","status":"ok","subbed":"market.apeusdt.depth.step0","ts":1720363324374}
[2024-07-07 22:42:04] {"id":"apeusdt","status":"ok","subbed":"market.apeusdt.kline.1min","ts":1720363324374}
[2024-07-07 22:42:04] {"id":"apeusdt","status":"ok","subbed":"market.apeusdt.kline.5min","ts":1720363324375}
[2024-07-07 22:42:04] {"id":"apeusdt","status":"ok","subbed":"market.apeusdt.kline.15min","ts":1720363324375}
[2024-07-07 22:42:04] {"id":"apeusdt","status":"ok","subbed":"market.apeusdt.kline.30min","ts":1720363324375}
[2024-07-07 22:42:04] {"id":"apeusdt","status":"ok","subbed":"market.apeusdt.kline.60min","ts":1720363324375}
[2024-07-07 22:42:04] {"id":"apeusdt","status":"ok","subbed":"market.apeusdt.kline.4hour","ts":1720363324375}
[2024-07-07 22:42:04] {"id":"apeusdt","status":"ok","subbed":"market.apeusdt.kline.1day","ts":1720363324375}
[2024-07-07 22:42:04] {"id":"apeusdt","status":"ok","subbed":"market.apeusdt.kline.1week","ts":1720363324375}
[2024-07-07 22:42:04] {"id":"apeusdt","status":"ok","subbed":"market.apeusdt.trade.detail","ts":1720363324375}
[2024-07-07 22:42:04] {"id":"apeusdt","status":"ok","subbed":"market.apeusdt.detail","ts":1720363324375}
[2024-07-07 22:42:04] {"id":"lunausdt","status":"ok","subbed":"market.lunausdt.depth.step0","ts":1720363324375}
[2024-07-07 22:42:04] {"id":"lunausdt","status":"ok","subbed":"market.lunausdt.kline.1min","ts":1720363324375}
[2024-07-07 22:42:04] {"id":"lunausdt","status":"ok","subbed":"market.lunausdt.kline.5min","ts":1720363324375}
[2024-07-07 22:42:04] {"id":"lunausdt","status":"ok","subbed":"market.lunausdt.kline.15min","ts":1720363324375}
[2024-07-07 22:42:04] {"id":"lunausdt","status":"ok","subbed":"market.lunausdt.kline.30min","ts":1720363324375}
[2024-07-07 22:42:04] {"id":"lunausdt","status":"ok","subbed":"market.lunausdt.kline.60min","ts":1720363324375}
[2024-07-07 22:42:04] {"id":"lunausdt","status":"ok","subbed":"market.lunausdt.kline.4hour","ts":1720363324375}
[2024-07-07 22:42:04] {"id":"lunausdt","status":"ok","subbed":"market.lunausdt.kline.1day","ts":1720363324375}
[2024-07-07 22:42:04] {"id":"lunausdt","status":"ok","subbed":"market.lunausdt.kline.1week","ts":1720363324375}
[2024-07-07 22:42:04] {"id":"lunausdt","status":"ok","subbed":"market.lunausdt.trade.detail","ts":1720363324375}
[2024-07-07 22:42:04] {"id":"lunausdt","status":"ok","subbed":"market.lunausdt.detail","ts":1720363324375}
[2024-07-07 22:42:04] {"id":"trxusdt","status":"ok","subbed":"market.trxusdt.depth.step0","ts":1720363324375}
[2024-07-07 22:42:04] {"id":"trxusdt","status":"ok","subbed":"market.trxusdt.kline.1min","ts":1720363324375}
[2024-07-07 22:42:04] {"id":"trxusdt","status":"ok","subbed":"market.trxusdt.kline.5min","ts":1720363324375}
[2024-07-07 22:42:04] {"id":"trxusdt","status":"ok","subbed":"market.trxusdt.kline.15min","ts":1720363324375}
[2024-07-07 22:42:04] {"id":"trxusdt","status":"ok","subbed":"market.trxusdt.kline.30min","ts":1720363324375}
[2024-07-07 22:42:04] {"id":"trxusdt","status":"ok","subbed":"market.trxusdt.kline.60min","ts":1720363324375}
[2024-07-07 22:42:04] {"id":"trxusdt","status":"ok","subbed":"market.trxusdt.kline.4hour","ts":1720363324375}
[2024-07-07 22:42:04] {"id":"trxusdt","status":"ok","subbed":"market.trxusdt.kline.1day","ts":1720363324375}
[2024-07-07 22:42:04] {"id":"trxusdt","status":"ok","subbed":"market.trxusdt.kline.1week","ts":1720363324375}
[2024-07-07 22:42:04] {"id":"trxusdt","status":"ok","subbed":"market.trxusdt.trade.detail","ts":1720363324375}
[2024-07-07 22:42:04] {"id":"trxusdt","status":"ok","subbed":"market.trxusdt.detail","ts":1720363324375}
[2024-07-07 22:42:04] {"id":"xmrusdt","status":"ok","subbed":"market.xmrusdt.depth.step0","ts":1720363324375}
[2024-07-07 22:42:04] {"id":"xmrusdt","status":"ok","subbed":"market.xmrusdt.kline.1min","ts":1720363324375}
[2024-07-07 22:42:04] {"id":"xmrusdt","status":"ok","subbed":"market.xmrusdt.kline.5min","ts":1720363324376}
[2024-07-07 22:42:04] {"id":"xmrusdt","status":"ok","subbed":"market.xmrusdt.kline.15min","ts":1720363324376}
[2024-07-07 22:42:04] {"id":"xmrusdt","status":"ok","subbed":"market.xmrusdt.kline.30min","ts":1720363324376}
[2024-07-07 22:42:04] {"id":"xmrusdt","status":"ok","subbed":"market.xmrusdt.kline.60min","ts":1720363324376}
[2024-07-07 22:42:04] {"id":"xmrusdt","status":"ok","subbed":"market.xmrusdt.kline.4hour","ts":1720363324376}
[2024-07-07 22:42:04] {"id":"xmrusdt","status":"ok","subbed":"market.xmrusdt.kline.1day","ts":1720363324376}
[2024-07-07 22:42:04] {"id":"xmrusdt","status":"ok","subbed":"market.xmrusdt.kline.1week","ts":1720363324376}
[2024-07-07 22:42:04] {"id":"xmrusdt","status":"ok","subbed":"market.xmrusdt.trade.detail","ts":1720363324376}
[2024-07-07 22:42:04] {"id":"xmrusdt","status":"ok","subbed":"market.xmrusdt.detail","ts":1720363324376}
[2024-07-07 22:42:04] {"id":"scusdt","status":"ok","subbed":"market.scusdt.depth.step0","ts":1720363324376}
[2024-07-07 22:42:04] {"id":"scusdt","status":"ok","subbed":"market.scusdt.kline.1min","ts":1720363324376}
[2024-07-07 22:42:04] {"id":"scusdt","status":"ok","subbed":"market.scusdt.kline.5min","ts":1720363324376}
[2024-07-07 22:42:04] {"id":"scusdt","status":"ok","subbed":"market.scusdt.kline.15min","ts":1720363324376}
[2024-07-07 22:42:04] {"id":"scusdt","status":"ok","subbed":"market.scusdt.kline.30min","ts":1720363324376}
[2024-07-07 22:42:04] {"id":"scusdt","status":"ok","subbed":"market.scusdt.kline.60min","ts":1720363324376}
[2024-07-07 22:42:04] {"id":"scusdt","status":"ok","subbed":"market.scusdt.kline.4hour","ts":1720363324376}
[2024-07-07 22:42:04] {"id":"scusdt","status":"ok","subbed":"market.scusdt.kline.1day","ts":1720363324376}
[2024-07-07 22:42:04] {"id":"scusdt","status":"ok","subbed":"market.scusdt.kline.1week","ts":1720363324376}
[2024-07-07 22:42:04] {"id":"scusdt","status":"ok","subbed":"market.scusdt.trade.detail","ts":1720363324376}
[2024-07-07 22:42:04] {"id":"scusdt","status":"ok","subbed":"market.scusdt.detail","ts":1720363324377}
[2024-07-07 22:42:04] {"id":"enjusdt","status":"ok","subbed":"market.enjusdt.depth.step0","ts":1720363324377}
[2024-07-07 22:42:04] {"id":"enjusdt","status":"ok","subbed":"market.enjusdt.kline.1min","ts":1720363324377}
[2024-07-07 22:42:04] {"id":"enjusdt","status":"ok","subbed":"market.enjusdt.kline.5min","ts":1720363324377}
[2024-07-07 22:42:04] {"id":"enjusdt","status":"ok","subbed":"market.enjusdt.kline.15min","ts":1720363324377}
[2024-07-07 22:42:04] {"id":"enjusdt","status":"ok","subbed":"market.enjusdt.kline.30min","ts":1720363324377}
[2024-07-07 22:42:04] {"id":"enjusdt","status":"ok","subbed":"market.enjusdt.kline.60min","ts":1720363324377}
[2024-07-07 22:42:04] {"id":"enjusdt","status":"ok","subbed":"market.enjusdt.kline.4hour","ts":1720363324377}
[2024-07-07 22:42:04] {"id":"enjusdt","status":"ok","subbed":"market.enjusdt.kline.1day","ts":1720363324377}
[2024-07-07 22:42:04] {"id":"enjusdt","status":"ok","subbed":"market.enjusdt.kline.1week","ts":1720363324377}
[2024-07-07 22:42:04] {"id":"enjusdt","status":"ok","subbed":"market.enjusdt.trade.detail","ts":1720363324377}
[2024-07-07 22:42:04] {"id":"enjusdt","status":"ok","subbed":"market.enjusdt.detail","ts":1720363324377}
[2024-07-07 22:42:04] {"id":"etcusdt","status":"ok","subbed":"market.etcusdt.depth.step0","ts":1720363324377}
[2024-07-07 22:42:04] {"id":"etcusdt","status":"ok","subbed":"market.etcusdt.kline.1min","ts":1720363324377}
[2024-07-07 22:42:04] {"id":"etcusdt","status":"ok","subbed":"market.etcusdt.kline.5min","ts":1720363324377}
[2024-07-07 22:42:04] {"id":"etcusdt","status":"ok","subbed":"market.etcusdt.kline.15min","ts":1720363324377}
[2024-07-07 22:42:04] {"id":"etcusdt","status":"ok","subbed":"market.etcusdt.kline.30min","ts":1720363324377}
[2024-07-07 22:42:04] {"id":"etcusdt","status":"ok","subbed":"market.etcusdt.kline.60min","ts":1720363324377}
[2024-07-07 22:42:04] {"id":"etcusdt","status":"ok","subbed":"market.etcusdt.kline.4hour","ts":1720363324377}
[2024-07-07 22:42:04] {"id":"etcusdt","status":"ok","subbed":"market.etcusdt.kline.1day","ts":1720363324377}
[2024-07-07 22:42:04] {"id":"etcusdt","status":"ok","subbed":"market.etcusdt.kline.1week","ts":1720363324377}
[2024-07-07 22:42:04] {"id":"etcusdt","status":"ok","subbed":"market.etcusdt.trade.detail","ts":1720363324377}
[2024-07-07 22:42:04] {"id":"etcusdt","status":"ok","subbed":"market.etcusdt.detail","ts":1720363324377}
[2024-07-07 22:42:04] {"id":"adausdt","status":"ok","subbed":"market.adausdt.depth.step0","ts":1720363324377}
[2024-07-07 22:42:04] {"id":"adausdt","status":"ok","subbed":"market.adausdt.kline.1min","ts":1720363324377}
[2024-07-07 22:42:04] {"id":"adausdt","status":"ok","subbed":"market.adausdt.kline.5min","ts":1720363324377}
[2024-07-07 22:42:04] {"id":"adausdt","status":"ok","subbed":"market.adausdt.kline.15min","ts":1720363324377}
[2024-07-07 22:42:04] {"id":"adausdt","status":"ok","subbed":"market.adausdt.kline.30min","ts":1720363324377}
[2024-07-07 22:42:04] {"id":"adausdt","status":"ok","subbed":"market.adausdt.kline.60min","ts":1720363324377}
[2024-07-07 22:42:04] {"id":"adausdt","status":"ok","subbed":"market.adausdt.kline.4hour","ts":1720363324377}
[2024-07-07 22:42:04] {"id":"adausdt","status":"ok","subbed":"market.adausdt.kline.1day","ts":1720363324377}
[2024-07-07 22:42:04] {"id":"adausdt","status":"ok","subbed":"market.adausdt.kline.1week","ts":1720363324377}
[2024-07-07 22:42:04] {"id":"adausdt","status":"ok","subbed":"market.adausdt.trade.detail","ts":1720363324377}
[2024-07-07 22:42:04] {"id":"adausdt","status":"ok","subbed":"market.adausdt.detail","ts":1720363324377}
[2024-07-07 22:42:04] {"id":"dashusdt","status":"ok","subbed":"market.dashusdt.depth.step0","ts":1720363324377}
[2024-07-07 22:42:04] {"id":"dashusdt","status":"ok","subbed":"market.dashusdt.kline.1min","ts":1720363324377}
[2024-07-07 22:42:04] {"id":"dashusdt","status":"ok","subbed":"market.dashusdt.kline.5min","ts":1720363324377}
[2024-07-07 22:42:04] {"id":"dashusdt","status":"ok","subbed":"market.dashusdt.kline.15min","ts":1720363324377}
[2024-07-07 22:42:04] {"id":"dashusdt","status":"ok","subbed":"market.dashusdt.kline.30min","ts":1720363324378}
[2024-07-07 22:42:04] {"id":"dashusdt","status":"ok","subbed":"market.dashusdt.kline.60min","ts":1720363324378}
[2024-07-07 22:42:04] {"id":"dashusdt","status":"ok","subbed":"market.dashusdt.kline.4hour","ts":1720363324378}
[2024-07-07 22:42:04] {"id":"dashusdt","status":"ok","subbed":"market.dashusdt.kline.1day","ts":1720363324378}
[2024-07-07 22:42:04] {"id":"dashusdt","status":"ok","subbed":"market.dashusdt.kline.1week","ts":1720363324378}
[2024-07-07 22:42:04] {"id":"dashusdt","status":"ok","subbed":"market.dashusdt.trade.detail","ts":1720363324378}
[2024-07-07 22:42:04] {"id":"dashusdt","status":"ok","subbed":"market.dashusdt.detail","ts":1720363324378}
[2024-07-07 22:42:04] {"id":"shibusdt","status":"ok","subbed":"market.shibusdt.depth.step0","ts":1720363324378}
[2024-07-07 22:42:04] {"id":"shibusdt","status":"ok","subbed":"market.shibusdt.kline.1min","ts":1720363324378}
[2024-07-07 22:42:04] {"id":"shibusdt","status":"ok","subbed":"market.shibusdt.kline.5min","ts":1720363324378}
[2024-07-07 22:42:04] {"id":"shibusdt","status":"ok","subbed":"market.shibusdt.kline.15min","ts":1720363324378}
[2024-07-07 22:42:04] {"id":"shibusdt","status":"ok","subbed":"market.shibusdt.kline.30min","ts":1720363324378}
[2024-07-07 22:42:04] {"id":"shibusdt","status":"ok","subbed":"market.shibusdt.kline.60min","ts":1720363324378}
[2024-07-07 22:42:04] {"id":"shibusdt","status":"ok","subbed":"market.shibusdt.kline.4hour","ts":1720363324378}
[2024-07-07 22:42:04] {"id":"shibusdt","status":"ok","subbed":"market.shibusdt.kline.1day","ts":1720363324378}
[2024-07-07 22:42:04] {"id":"shibusdt","status":"ok","subbed":"market.shibusdt.kline.1week","ts":1720363324378}
[2024-07-07 22:42:04] {"id":"shibusdt","status":"ok","subbed":"market.shibusdt.trade.detail","ts":1720363324378}
[2024-07-07 22:42:04] {"id":"shibusdt","status":"ok","subbed":"market.shibusdt.detail","ts":1720363324378}
